1.435915708468489815e-01 4.641016151323966166e-01 1.243581290269022699e-01 6.394869889101048999e-11 6.394869889100741391e-11 2.679486847629204971e-01 -4.641016151361460063e-01 
1 1 1 1 1.992608679201625199e-10 
1 2 1 1 2.025643954226419574e-01 
1 2 1 2 2.072635484847516057e-02 
1 2 1 3 2.072635484847516057e-02 
1 2 1 4 2.393192847447482910e-02 
1 2 2 2 8.931622837184984010e-02 
1 2 2 3 4.465811412715341849e-02 
1 2 2 4 7.735026919939087808e-02 
1 2 3 3 8.931622837184984010e-02 
1 2 3 4 7.735026919939087808e-02 
1 2 4 4 8.931656672081052240e-02 
1 3 1 1 1.435915709430757581e-01 
1 3 2 2 4.641016152286233654e-01 
1 3 3 3 1.243581291231290464e-01 
1 3 4 4 1.601754695923509365e-10 
1 3 5 5 1.601754695923482740e-10 
1 3 6 6 2.679486848591473014e-01 
1 4 1 1 9.247736661293822785e-11 
2 1 1 1 4.641016158451731766e-01 
2 2 1 1 4.558540351274555731e-10 
2 2 1 2 6.806084489120012005e-12 
2 2 1 3 6.806084504745209823e-12 
2 2 1 4 -1.032045390820841108e-10 
2 2 2 2 4.641016162301893622e-01 
2 2 2 3 4.641016139197409740e-01 
2 2 2 4 -8.038475767936813510e-01 
2 2 3 3 4.641016162301782599e-01 
2 2 3 4 -8.038475767936716920e-01 
2 2 4 4 1.392304845028864868e+00 
2 3 1 1 7.179258496630874152e-10 
2 3 2 2 2.223544190800088232e-10 
2 3 3 3 8.310818483476268608e-10 
2 3 4 4 5.773502693641004990e-01 
2 3 5 5 5.773502693640996108e-01 
2 3 6 6 3.850748301567891424e-10 
2 4 1 1 1.000000000000000000e+00 
